This is pdfTeX, Version 3.141592653-2.6-1.40.26 (MiKTeX 24.4) (preloaded format=pdflatex 2024.5.3)  25 MAY 2024 19:22
entering extended mode
 restricted \write18 enabled.
 %&-line parsing enabled.
**./seminar_arbeit_m_health.tex
(seminar_arbeit_m_health.tex
LaTeX2e <2023-11-01> patch level 1
L3 programming layer <2024-03-14>
(C:\Program Files\MiKTeX\tex/latex/base\article.cls
Document Class: article 2023/05/17 v1.4n Standard LaTeX document class
(C:\Program Files\MiKTeX\tex/latex/base\size10.clo
File: size10.clo 2023/05/17 v1.4n Standard LaTeX file (size option)
)
\c@part=\count188
\c@section=\count189
\c@subsection=\count190
\c@subsubsection=\count191
\c@paragraph=\count192
\c@subparagraph=\count193
\c@figure=\count194
\c@table=\count195
\abovecaptionskip=\skip48
\belowcaptionskip=\skip49
\bibindent=\dimen140
)
(C:\Program Files\MiKTeX\tex/latex/graphics\graphicx.sty
Package: graphicx 2021/09/16 v1.2d Enhanced LaTeX Graphics (DPC,SPQR)

(C:\Program Files\MiKTeX\tex/latex/graphics\keyval.sty
Package: keyval 2022/05/29 v1.15 key=value parser (DPC)
\KV@toks@=\toks17
)
(C:\Program Files\MiKTeX\tex/latex/graphics\graphics.sty
Package: graphics 2022/03/10 v1.4e Standard LaTeX Graphics (DPC,SPQR)

(C:\Program Files\MiKTeX\tex/latex/graphics\trig.sty
Package: trig 2021/08/11 v1.11 sin cos tan (DPC)
)
(C:\Program Files\MiKTeX\tex/latex/graphics-cfg\graphics.cfg
File: graphics.cfg 2016/06/04 v1.11 sample graphics configuration
)
Package graphics Info: Driver file: pdftex.def on input line 107.

(C:\Program Files\MiKTeX\tex/latex/graphics-def\pdftex.def
File: pdftex.def 2024/04/13 v1.2c Graphics/color driver for pdftex
))
\Gin@req@height=\dimen141
\Gin@req@width=\dimen142
)
(C:\Program Files\MiKTeX\tex/latex/url\url.sty
\Urlmuskip=\muskip16
Package: url 2013/09/16  ver 3.4  Verb mode for urls, etc.
)
(C:\Program Files\MiKTeX\tex/latex/l3backend\l3backend-pdftex.def
File: l3backend-pdftex.def 2024-03-14 L3 backend support: PDF output (pdfTeX)
\l__color_backend_stack_int=\count196
\l__pdf_internal_box=\box51
)
(seminar_arbeit_m_health.aux)
\openout1 = `seminar_arbeit_m_health.aux'.

LaTeX Font Info:    Checking defaults for OML/cmm/m/it on input line 12.
LaTeX Font Info:    ... okay on input line 12.
LaTeX Font Info:    Checking defaults for OMS/cmsy/m/n on input line 12.
LaTeX Font Info:    ... okay on input line 12.
LaTeX Font Info:    Checking defaults for OT1/cmr/m/n on input line 12.
LaTeX Font Info:    ... okay on input line 12.
LaTeX Font Info:    Checking defaults for T1/cmr/m/n on input line 12.
LaTeX Font Info:    ... okay on input line 12.
LaTeX Font Info:    Checking defaults for TS1/cmr/m/n on input line 12.
LaTeX Font Info:    ... okay on input line 12.
LaTeX Font Info:    Checking defaults for OMX/cmex/m/n on input line 12.
LaTeX Font Info:    ... okay on input line 12.
LaTeX Font Info:    Checking defaults for U/cmr/m/n on input line 12.
LaTeX Font Info:    ... okay on input line 12.

(C:\Program Files\MiKTeX\tex/context/base/mkii\supp-pdf.mkii
[Loading MPS to PDF converter (version 2006.09.02).]
\scratchcounter=\count197
\scratchdimen=\dimen143
\scratchbox=\box52
\nofMPsegments=\count198
\nofMParguments=\count199
\everyMPshowfont=\toks18
\MPscratchCnt=\count266
\MPscratchDim=\dimen144
\MPnumerator=\count267
\makeMPintoPDFobject=\count268
\everyMPtoPDFconversion=\toks19
) (C:\Program Files\MiKTeX\tex/latex/epstopdf-pkg\epstopdf-base.sty
Package: epstopdf-base 2020-01-24 v2.11 Base part for package epstopdf
Package epstopdf-base Info: Redefining graphics rule for `.eps' on input line 4
85.

(C:\Program Files\MiKTeX\tex/latex/00miktex\epstopdf-sys.cfg
File: epstopdf-sys.cfg 2021/03/18 v2.0 Configuration of epstopdf for MiKTeX
))
LaTeX Font Info:    External font `cmex10' loaded for size
(Font)              <12> on input line 13.
LaTeX Font Info:    External font `cmex10' loaded for size
(Font)              <8> on input line 13.
LaTeX Font Info:    External font `cmex10' loaded for size
(Font)              <6> on input line 13.
 [1

{C:/Users/mcthi/AppData/Local/MiKTeX/fonts/map/pdftex/pdftex.map}]
(seminar_arbeit_m_health.toc
LaTeX Font Info:    External font `cmex10' loaded for size
(Font)              <7> on input line 2.
LaTeX Font Info:    External font `cmex10' loaded for size
(Font)              <5> on input line 2.
)
\tf@toc=\write3
\openout3 = `seminar_arbeit_m_health.toc'.

 [2]
Overfull \hbox (2.68457pt too wide) in paragraph at lines 18--19
\OT1/cmr/m/n/10 Durch das Inkraft-treten des Digitale-Versorgung-Gesetzes (DVG)
 am 19. Dezem-
 []


Overfull \hbox (3.13943pt too wide) in paragraph at lines 18--19
\OT1/cmr/m/n/10 Ungef^^?ahr 73 Mil-lio-nen Ver-sicherte in der geset-zlichen Kr
anken-ver-sicherung haben
 []

[3]
<./grafiken/fast-track-verfahren.png, id=17, 1731.46875pt x 813.0375pt>
File: ./grafiken/fast-track-verfahren.png Graphic file (type png)
<use ./grafiken/fast-track-verfahren.png>
Package pdftex.def Info: ./grafiken/fast-track-verfahren.png  used on input lin
e 32.
(pdftex.def)             Requested size: 345.0pt x 161.99672pt.

Overfull \hbox (4.5191pt too wide) in paragraph at lines 36--37
[]\OT1/cmr/m/n/10 In der Ab-bil-dung wird das am 27. Mai 2020 ent-standene Fast
-Track-Verfahren
 []

[4 <./grafiken/fast-track-verfahren.png>]
<./grafiken/Anzahl_Antraege_DiGA.jpg, id=22, 1263.21938pt x 719.68875pt>
File: ./grafiken/Anzahl_Antraege_DiGA.jpg Graphic file (type jpg)
<use ./grafiken/Anzahl_Antraege_DiGA.jpg>
Package pdftex.def Info: ./grafiken/Anzahl_Antraege_DiGA.jpg  used on input lin
e 42.
(pdftex.def)             Requested size: 345.0pt x 196.55879pt.
 [5 <./grafiken/Anzahl_Antraege_DiGA.jpg>]
<./grafiken/Ergebnis_Pruefungen_DiGA.jpg, id=26, 1240.635pt x 706.13812pt>
File: ./grafiken/Ergebnis_Pruefungen_DiGA.jpg Graphic file (type jpg)
<use ./grafiken/Ergebnis_Pruefungen_DiGA.jpg>
Package pdftex.def Info: ./grafiken/Ergebnis_Pruefungen_DiGA.jpg  used on input
 line 49.
(pdftex.def)             Requested size: 345.0pt x 196.3597pt.
 [6 <./grafiken/Ergebnis_Pruefungen_DiGA.jpg>]
<./grafiken/erprobungs_phase_diga.png, id=30, 456.20438pt x 615.80063pt>
File: ./grafiken/erprobungs_phase_diga.png Graphic file (type png)
<use ./grafiken/erprobungs_phase_diga.png>
Package pdftex.def Info: ./grafiken/erprobungs_phase_diga.png  used on input li
ne 56.
(pdftex.def)             Requested size: 203.73077pt x 275.0pt.
 [7 <./grafiken/erprobungs_phase_diga.png>]
<./grafiken/anwendungszeitraume_diga.png, id=37, 450.18187pt x 233.37187pt>
File: ./grafiken/anwendungszeitraume_diga.png Graphic file (type png)
<use ./grafiken/anwendungszeitraume_diga.png>
Package pdftex.def Info: ./grafiken/anwendungszeitraume_diga.png  used on input
 line 65.
(pdftex.def)             Requested size: 345.0pt x 178.85294pt.
<./grafiken/tabelle_preise_diga.png, id=38, 450.18187pt x 446.41782pt>
File: ./grafiken/tabelle_preise_diga.png Graphic file (type png)
<use ./grafiken/tabelle_preise_diga.png>
Package pdftex.def Info: ./grafiken/tabelle_preise_diga.png  used on input line
 71.
(pdftex.def)             Requested size: 345.0pt x 342.12839pt.
 [8 <./grafiken/anwendungszeitraume_diga.png>]
<./grafiken/tabelle_anwendungsfelder_diga.png, id=43, 449.42906pt x 512.66531pt
>
File: ./grafiken/tabelle_anwendungsfelder_diga.png Graphic file (type png)
<use ./grafiken/tabelle_anwendungsfelder_diga.png>
Package pdftex.def Info: ./grafiken/tabelle_anwendungsfelder_diga.png  used on 
input line 77.
(pdftex.def)             Requested size: 241.0765pt x 275.0pt.
 [9 <./grafiken/tabelle_preise_diga.png>] [10 <./grafiken/tabelle_anwendungsfel
der_diga.png>]
<./grafiken/tab_diga_verteilung.png, id=52, 986.18437pt x 236.38312pt>
File: ./grafiken/tab_diga_verteilung.png Graphic file (type png)
<use ./grafiken/tab_diga_verteilung.png>
Package pdftex.def Info: ./grafiken/tab_diga_verteilung.png  used on input line
 84.
(pdftex.def)             Requested size: 345.0pt x 82.69565pt.

[11 <./grafiken/tab_diga_verteilung.png>]
<./grafiken/tabelle_nutzung_versicherte_diga.png, id=57, 223.58531pt x 216.0571
9pt>
File: ./grafiken/tabelle_nutzung_versicherte_diga.png Graphic file (type png)
<use ./grafiken/tabelle_nutzung_versicherte_diga.png>
Package pdftex.def Info: ./grafiken/tabelle_nutzung_versicherte_diga.png  used 
on input line 94.
(pdftex.def)             Requested size: 258.75pt x 250.06274pt.
<./grafiken/abbildung_verordnungen_pro_verordneten_diga.png, id=58, 227.34938pt
 x 223.58531pt>
File: ./grafiken/abbildung_verordnungen_pro_verordneten_diga.png Graphic file (
type png)
<use ./grafiken/abbildung_verordnungen_pro_verordneten_diga.png>
Package pdftex.def Info: ./grafiken/abbildung_verordnungen_pro_verordneten_diga
.png  used on input line 102.
(pdftex.def)             Requested size: 345.0pt x 339.29367pt.

Overfull \hbox (7.72734pt too wide) in paragraph at lines 100--107
\OT1/cmr/m/n/10 ver-schrieben. Unter allen Leis-tungser-bringern, die min-deste
ns zwei DiGA-Rezepte
 []


Overfull \hbox (1.91727pt too wide) in paragraph at lines 100--107
\OT1/cmr/m/n/10 aus-gestellt haben (45,0 Prozent aller Verord-nen-den), haben 5
5,0 Prozent mehrere
 []

[12 <./grafiken/tabelle_nutzung_versicherte_diga.png>] [13 <./grafiken/abbildun
g_verordnungen_pro_verordneten_diga.png>]
<./grafiken/tabelle_vergleich_nutzer_nicht_nutzer_diga.png, id=69, 224.33812pt 
x 242.40562pt>
File: ./grafiken/tabelle_vergleich_nutzer_nicht_nutzer_diga.png Graphic file (t
ype png)
<use ./grafiken/tabelle_vergleich_nutzer_nicht_nutzer_diga.png>
Package pdftex.def Info: ./grafiken/tabelle_vergleich_nutzer_nicht_nutzer_diga.
png  used on input line 109.
(pdftex.def)             Requested size: 345.0pt x 372.82494pt.
 (seminar_arbeit_m_health.bbl)
[14] [15 <./grafiken/tabelle_vergleich_nutzer_nicht_nutzer_diga.png>]
(seminar_arbeit_m_health.aux)
 ***********
LaTeX2e <2023-11-01> patch level 1
L3 programming layer <2024-03-14>
 ***********
 ) 
Here is how much of TeX's memory you used:
 1547 strings out of 474424
 29523 string characters out of 5751555
 1932496 words of memory out of 5000000
 23920 multiletter control sequences out of 15000+600000
 563005 words of font info for 52 fonts, out of 8000000 for 9000
 1141 hyphenation exceptions out of 8191
 57i,7n,65p,1877b,228s stack positions out of 10000i,1000n,20000p,200000b,200000s
 <C:\Users\mcthi\AppData\Local\MiKTeX\fonts/pk/ljfour/jknappen/ec/dpi600\tcrm
1000.pk><C:/Program Files/MiKTeX/fonts/type1/public/amsfonts/cm/cmbx10.pfb><C:/
Program Files/MiKTeX/fonts/type1/public/amsfonts/cm/cmbx12.pfb><C:/Program File
s/MiKTeX/fonts/type1/public/amsfonts/cm/cmr10.pfb><C:/Program Files/MiKTeX/font
s/type1/public/amsfonts/cm/cmr12.pfb><C:/Program Files/MiKTeX/fonts/type1/publi
c/amsfonts/cm/cmr17.pfb><C:/Program Files/MiKTeX/fonts/type1/public/amsfonts/cm
/cmr7.pfb><C:/Program Files/MiKTeX/fonts/type1/public/amsfonts/cm/cmti10.pfb>
Output written on seminar_arbeit_m_health.pdf (15 pages, 672474 bytes).
PDF statistics:
 113 PDF objects out of 1000 (max. 8388607)
 0 named destinations out of 1000 (max. 500000)
 56 words of extra memory for PDF output out of 10000 (max. 10000000)

